<?xml version="1.0" encoding="UTF-8"?>
<!-- Generated by org.testng.reporters.JUnitReportReporter -->
<testsuite hostname="DESKTOP-OR6VU5V" name="extentReports.TestReports" tests="1" failures="0" timestamp="8 Aug 2020 14:35:34 GMT" time="45.637" errors="0">
  <testcase name="VarifyPageTitle" time="45.637" classname="extentReports.TestReports"/>
</testsuite> <!-- extentReports.TestReports -->
